<?xml version="1.0" encoding="UTF-8"?>
<!-- Generated by org.testng.reporters.JUnitXMLReporter -->
<testsuite ignored="0" hostname="DESKTOP-1METE6J" failures="0" tests="4" name="Default test" time="1.124" errors="0" timestamp="2021-08-27T21:45:14 NZST">
  <testcase classname="apiTests.TechTests" name="assertCanRelistIsTrue" time="0.884"/>
  <testcase classname="apiTests.TechTests" name="assertCarbonCreditsNameExists" time="0.038"/>
  <testcase classname="apiTests.TechTests" name="assertPromotionNameandDescriptionValues" time="0.072"/>
  <testcase classname="apiTests.TechTests" name="validateResponse" time="0.068"/>
</testsuite> <!-- Default test -->
