<?xml version="1.0" encoding="UTF-8"?>
<!-- Generated by org.testng.reporters.JUnitXMLReporter -->
<testsuite ignored="0" hostname="DESKTOP-1METE6J" failures="0" tests="4" name="Validate TradeME api Response body" time="1.269" errors="0" timestamp="2021-08-27T22:15:27 NZST">
  <testcase classname="apiTests.TechTests" name="assertCanRelistIsTrue" time="0.981"/>
  <testcase classname="apiTests.TechTests" name="assertCarbonCreditsNameExists" time="0.048"/>
  <testcase classname="apiTests.TechTests" name="assertPromotionNameandDescriptionValues" time="0.09"/>
  <testcase classname="apiTests.TechTests" name="validateResponse" time="0.066"/>
</testsuite> <!-- Validate TradeME api Response body -->
